# JRE version: OpenJDK Runtime Environment (11.0.12+7) (build 11.0.12+7-b1504.28-7817840)
# Java VM: OpenJDK 64-Bit Server VM (11.0.12+7-b1504.28-7817840, mixed mode, tiered, compressed oops, g1 gc, windows-amd64)
Heap:
 garbage-first heap   total 364544K, used 226562K [0x0000000080000000, 0x0000000100000000)
  region size 1024K, 27 young (27648K), 1 survivors (1024K)
 Metaspace       used 121280K, capacity 125707K, committed 136348K, reserved 1167360K
  class space    used 15143K, capacity 16770K, committed 18508K, reserved 1048576K
GC Heap History (20 events):
Event: 72.516 GC heap before
{Heap before GC invocations=82 (full 0):
 garbage-first heap   total 303104K, used 229528K [0x0000000080000000, 0x0000000100000000)
  region size 1024K, 17 young (17408K), 2 survivors (2048K)
 Metaspace       used 126234K, capacity 130823K, committed 134940K, reserved 1165312K
  class space    used 15764K, capacity 17438K, committed 18380K, reserved 1048576K
}
Event: 72.521 GC heap after
{Heap after GC invocations=83 (full 0):
 garbage-first heap   total 303104K, used 217209K [0x0000000080000000, 0x0000000100000000)
  region size 1024K, 3 young (3072K), 3 survivors (3072K)
 Metaspace       used 126234K, capacity 130823K, committed 134940K, reserved 1165312K
  class space    used 15764K, capacity 17438K, committed 18380K, reserved 1048576K
}
Event: 72.876 GC heap before
{Heap before GC invocations=84 (full 0):
 garbage-first heap   total 303104K, used 244857K [0x0000000080000000, 0x0000000100000000)
  region size 1024K, 30 young (30720K), 3 survivors (3072K)
 Metaspace       used 129794K, capacity 134463K, committed 135196K, reserved 1167360K
  class space    used 16121K, capacity 17844K, committed 18380K, reserved 1048576K
}
Event: 72.879 GC heap after
{Heap after GC invocations=85 (full 0):
 garbage-first heap   total 303104K, used 218601K [0x0000000080000000, 0x0000000100000000)
  region size 1024K, 3 young (3072K), 3 survivors (3072K)
 Metaspace       used 129794K, capacity 134463K, committed 135196K, reserved 1167360K
  class space    used 16121K, capacity 17844K, committed 18380K, reserved 1048576K
}
Event: 72.953 GC heap before
{Heap before GC invocations=85 (full 0):
 garbage-first heap   total 303104K, used 229865K [0x0000000080000000, 0x0000000100000000)
  region size 1024K, 14 young (14336K), 3 survivors (3072K)
 Metaspace       used 129863K, capacity 134531K, committed 135196K, reserved 1167360K
  class space    used 16121K, capacity 17844K, committed 18380K, reserved 1048576K
}
Event: 72.959 GC heap after
{Heap after GC invocations=86 (full 0):
 garbage-first heap   total 303104K, used 217125K [0x0000000080000000, 0x0000000100000000)
  region size 1024K, 2 young (2048K), 2 survivors (2048K)
 Metaspace       used 129863K, capacity 134531K, committed 135196K, reserved 1167360K
  class space    used 16121K, capacity 17844K, committed 18380K, reserved 1048576K
}
Event: 73.419 GC heap before
{Heap before GC invocations=86 (full 0):
 garbage-first heap   total 303104K, used 246821K [0x0000000080000000, 0x0000000100000000)
  region size 1024K, 31 young (31744K), 2 survivors (2048K)
 Metaspace       used 133044K, capacity 137981K, committed 138140K, reserved 1169408K
  class space    used 16614K, capacity 18441K, committed 18508K, reserved 1048576K
}
Event: 73.428 GC heap after
{Heap after GC invocations=87 (full 0):
 garbage-first heap   total 303104K, used 218564K [0x0000000080000000, 0x0000000100000000)
  region size 1024K, 3 young (3072K), 3 survivors (3072K)
 Metaspace       used 133044K, capacity 137981K, committed 138140K, reserved 1169408K
  class space    used 16614K, capacity 18441K, committed 18508K, reserved 1048576K
}
Event: 73.713 GC heap before
{Heap before GC invocations=88 (full 0):
 garbage-first heap   total 303104K, used 249284K [0x0000000080000000, 0x0000000100000000)
  region size 1024K, 33 young (33792K), 3 survivors (3072K)
 Metaspace       used 133151K, capacity 138155K, committed 138396K, reserved 1169408K
  class space    used 16624K, capacity 18456K, committed 18508K, reserved 1048576K
}
Event: 73.717 GC heap after
{Heap after GC invocations=89 (full 0):
 garbage-first heap   total 303104K, used 218770K [0x0000000080000000, 0x0000000100000000)
  region size 1024K, 3 young (3072K), 3 survivors (3072K)
 Metaspace       used 133151K, capacity 138155K, committed 138396K, reserved 1169408K
  class space    used 16624K, capacity 18456K, committed 18508K, reserved 1048576K
}
Event: 73.748 GC heap before
{Heap before GC invocations=89 (full 0):
 garbage-first heap   total 303104K, used 230034K [0x0000000080000000, 0x0000000100000000)
  region size 1024K, 14 young (14336K), 3 survivors (3072K)
 Metaspace       used 133172K, capacity 138157K, committed 138396K, reserved 1169408K
  class space    used 16624K, capacity 18456K, committed 18508K, reserved 1048576K
}
Event: 73.753 GC heap after
{Heap after GC invocations=90 (full 0):
 garbage-first heap   total 303104K, used 219120K [0x0000000080000000, 0x0000000100000000)
  region size 1024K, 2 young (2048K), 2 survivors (2048K)
 Metaspace       used 133172K, capacity 138157K, committed 138396K, reserved 1169408K
  class space    used 16624K, capacity 18456K, committed 18508K, reserved 1048576K
}
Event: 73.901 GC heap before
{Heap before GC invocations=90 (full 0):
 garbage-first heap   total 303104K, used 249840K [0x0000000080000000, 0x0000000100000000)
  region size 1024K, 33 young (33792K), 2 survivors (2048K)
 Metaspace       used 133200K, capacity 138224K, committed 138396K, reserved 1169408K
  class space    used 16625K, capacity 18457K, committed 18508K, reserved 1048576K
}
Event: 73.904 GC heap after
{Heap after GC invocations=91 (full 0):
 garbage-first heap   total 303104K, used 217446K [0x0000000080000000, 0x0000000100000000)
  region size 1024K, 2 young (2048K), 2 survivors (2048K)
 Metaspace       used 133200K, capacity 138224K, committed 138396K, reserved 1169408K
  class space    used 16625K, capacity 18457K, committed 18508K, reserved 1048576K
}
Event: 74.216 GC heap before
{Heap before GC invocations=92 (full 0):
 garbage-first heap   total 303104K, used 252262K [0x0000000080000000, 0x0000000100000000)
  region size 1024K, 36 young (36864K), 2 survivors (2048K)
 Metaspace       used 133206K, capacity 138225K, committed 138396K, reserved 1169408K
  class space    used 16625K, capacity 18457K, committed 18508K, reserved 1048576K
}
Event: 74.221 GC heap after
{Heap after GC invocations=93 (full 0):
 garbage-first heap   total 303104K, used 217907K [0x0000000080000000, 0x0000000100000000)
  region size 1024K, 3 young (3072K), 3 survivors (3072K)
 Metaspace       used 133206K, capacity 138225K, committed 138396K, reserved 1169408K
  class space    used 16625K, capacity 18457K, committed 18508K, reserved 1048576K
}
Event: 74.270 GC heap before
{Heap before GC invocations=93 (full 0):
 garbage-first heap   total 303104K, used 229171K [0x0000000080000000, 0x0000000100000000)
  region size 1024K, 14 young (14336K), 3 survivors (3072K)
 Metaspace       used 133206K, capacity 138225K, committed 138396K, reserved 1169408K
  class space    used 16625K, capacity 18457K, committed 18508K, reserved 1048576K
}
Event: 74.281 GC heap after
{Heap after GC invocations=94 (full 0):
 garbage-first heap   total 303104K, used 202124K [0x0000000080000000, 0x0000000100000000)
  region size 1024K, 1 young (1024K), 1 survivors (1024K)
 Metaspace       used 133206K, capacity 138225K, committed 138396K, reserved 1169408K
  class space    used 16625K, capacity 18457K, committed 18508K, reserved 1048576K
}
Event: 74.490 GC heap before
{Heap before GC invocations=94 (full 0):
 garbage-first heap   total 303104K, used 246156K [0x0000000080000000, 0x0000000100000000)
  region size 1024K, 44 young (45056K), 1 survivors (1024K)
 Metaspace       used 133206K, capacity 138225K, committed 138396K, reserved 1169408K
  class space    used 16625K, capacity 18457K, committed 18508K, reserved 1048576K
}
Event: 74.497 GC heap after
{Heap after GC invocations=95 (full 0):
 garbage-first heap   total 364544K, used 201986K [0x0000000080000000, 0x0000000100000000)
  region size 1024K, 1 young (1024K), 1 survivors (1024K)
 Metaspace       used 133206K, capacity 138225K, committed 138396K, reserved 1169408K
  class space    used 16625K, capacity 18457K, committed 18508K, reserved 1048576K
}

