# JRE version: OpenJDK Runtime Environment (11.0.12+7) (build 11.0.12+7-b1504.28-7817840)
# Java VM: OpenJDK 64-Bit Server VM (11.0.12+7-b1504.28-7817840, mixed mode, tiered, compressed oops, g1 gc, windows-amd64)
Heap:
 garbage-first heap   total 466944K, used 287969K [0x0000000080000000, 0x0000000100000000)
  region size 1024K, 29 young (29696K), 2 survivors (2048K)
 Metaspace       used 170456K, capacity 177614K, committed 190252K, reserved 1214464K
  class space    used 20895K, capacity 23489K, committed 25216K, reserved 1048576K
GC Heap History (20 events):
Event: 2975.146 GC heap before
{Heap before GC invocations=354 (full 0):
 garbage-first heap   total 466944K, used 372333K [0x0000000080000000, 0x0000000100000000)
  region size 1024K, 76 young (77824K), 2 survivors (2048K)
 Metaspace       used 182313K, capacity 190101K, committed 190252K, reserved 1214464K
  class space    used 22377K, capacity 25174K, committed 25216K, reserved 1048576K
}
Event: 2975.155 GC heap after
{Heap after GC invocations=355 (full 0):
 garbage-first heap   total 466944K, used 298710K [0x0000000080000000, 0x0000000100000000)
  region size 1024K, 5 young (5120K), 5 survivors (5120K)
 Metaspace       used 182313K, capacity 190101K, committed 190252K, reserved 1214464K
  class space    used 22377K, capacity 25174K, committed 25216K, reserved 1048576K
}
Event: 3047.791 GC heap before
{Heap before GC invocations=356 (full 0):
 garbage-first heap   total 466944K, used 377558K [0x0000000080000000, 0x0000000100000000)
  region size 1024K, 82 young (83968K), 5 survivors (5120K)
 Metaspace       used 182357K, capacity 190110K, committed 190252K, reserved 1214464K
  class space    used 22380K, capacity 25176K, committed 25216K, reserved 1048576K
}
Event: 3047.803 GC heap after
{Heap after GC invocations=357 (full 0):
 garbage-first heap   total 466944K, used 299562K [0x0000000080000000, 0x0000000100000000)
  region size 1024K, 7 young (7168K), 7 survivors (7168K)
 Metaspace       used 182357K, capacity 190110K, committed 190252K, reserved 1214464K
  class space    used 22380K, capacity 25176K, committed 25216K, reserved 1048576K
}
Event: 3047.852 GC heap before
{Heap before GC invocations=357 (full 0):
 garbage-first heap   total 466944K, used 313898K [0x0000000080000000, 0x0000000100000000)
  region size 1024K, 22 young (22528K), 7 survivors (7168K)
 Metaspace       used 182362K, capacity 190110K, committed 190252K, reserved 1214464K
  class space    used 22380K, capacity 25176K, committed 25216K, reserved 1048576K
}
Event: 3047.861 GC heap after
{Heap after GC invocations=358 (full 0):
 garbage-first heap   total 466944K, used 301782K [0x0000000080000000, 0x0000000100000000)
  region size 1024K, 3 young (3072K), 3 survivors (3072K)
 Metaspace       used 182362K, capacity 190110K, committed 190252K, reserved 1214464K
  class space    used 22380K, capacity 25176K, committed 25216K, reserved 1048576K
}
Event: 3048.276 GC heap before
{Heap before GC invocations=358 (full 0):
 garbage-first heap   total 466944K, used 382678K [0x0000000080000000, 0x0000000100000000)
  region size 1024K, 82 young (83968K), 3 survivors (3072K)
 Metaspace       used 182417K, capacity 190181K, committed 190252K, reserved 1214464K
  class space    used 22381K, capacity 25177K, committed 25216K, reserved 1048576K
}
Event: 3048.332 GC heap after
{Heap after GC invocations=359 (full 0):
 garbage-first heap   total 466944K, used 324327K [0x0000000080000000, 0x0000000100000000)
  region size 1024K, 11 young (11264K), 11 survivors (11264K)
 Metaspace       used 182417K, capacity 190181K, committed 190252K, reserved 1214464K
  class space    used 22381K, capacity 25177K, committed 25216K, reserved 1048576K
}
Event: 3048.699 GC heap before
{Heap before GC invocations=360 (full 0):
 garbage-first heap   total 466944K, used 359143K [0x0000000080000000, 0x0000000100000000)
  region size 1024K, 72 young (73728K), 11 survivors (11264K)
 Metaspace       used 170418K, capacity 177601K, committed 190252K, reserved 1214464K
  class space    used 20894K, capacity 23488K, committed 25216K, reserved 1048576K
}
Event: 3048.721 GC heap after
{Heap after GC invocations=361 (full 0):
 garbage-first heap   total 466944K, used 307487K [0x0000000080000000, 0x0000000100000000)
  region size 1024K, 9 young (9216K), 9 survivors (9216K)
 Metaspace       used 170418K, capacity 177601K, committed 190252K, reserved 1214464K
  class space    used 20894K, capacity 23488K, committed 25216K, reserved 1048576K
}
Event: 3048.747 GC heap before
{Heap before GC invocations=361 (full 0):
 garbage-first heap   total 466944K, used 320799K [0x0000000080000000, 0x0000000100000000)
  region size 1024K, 22 young (22528K), 9 survivors (9216K)
 Metaspace       used 170418K, capacity 177601K, committed 190252K, reserved 1214464K
  class space    used 20894K, capacity 23488K, committed 25216K, reserved 1048576K
}
Event: 3048.763 GC heap after
{Heap after GC invocations=362 (full 0):
 garbage-first heap   total 466944K, used 261393K [0x0000000080000000, 0x0000000100000000)
  region size 1024K, 2 young (2048K), 2 survivors (2048K)
 Metaspace       used 170418K, capacity 177601K, committed 190252K, reserved 1214464K
  class space    used 20894K, capacity 23488K, committed 25216K, reserved 1048576K
}
Event: 3048.900 GC heap before
{Heap before GC invocations=362 (full 0):
 garbage-first heap   total 466944K, used 280849K [0x0000000080000000, 0x0000000100000000)
  region size 1024K, 22 young (22528K), 2 survivors (2048K)
 Metaspace       used 170418K, capacity 177601K, committed 190252K, reserved 1214464K
  class space    used 20894K, capacity 23488K, committed 25216K, reserved 1048576K
}
Event: 3048.912 GC heap after
{Heap after GC invocations=363 (full 0):
 garbage-first heap   total 466944K, used 258454K [0x0000000080000000, 0x0000000100000000)
  region size 1024K, 2 young (2048K), 2 survivors (2048K)
 Metaspace       used 170418K, capacity 177601K, committed 190252K, reserved 1214464K
  class space    used 20894K, capacity 23488K, committed 25216K, reserved 1048576K
}
Event: 3049.451 GC heap before
{Heap before GC invocations=363 (full 0):
 garbage-first heap   total 466944K, used 348566K [0x0000000080000000, 0x0000000100000000)
  region size 1024K, 91 young (93184K), 2 survivors (2048K)
 Metaspace       used 170443K, capacity 177605K, committed 190252K, reserved 1214464K
  class space    used 20894K, capacity 23488K, committed 25216K, reserved 1048576K
}
Event: 3049.459 GC heap after
{Heap after GC invocations=364 (full 0):
 garbage-first heap   total 466944K, used 264982K [0x0000000080000000, 0x0000000100000000)
  region size 1024K, 9 young (9216K), 9 survivors (9216K)
 Metaspace       used 170443K, capacity 177605K, committed 190252K, reserved 1214464K
  class space    used 20894K, capacity 23488K, committed 25216K, reserved 1048576K
}
Event: 3049.966 GC heap before
{Heap before GC invocations=365 (full 0):
 garbage-first heap   total 466944K, used 358166K [0x0000000080000000, 0x0000000100000000)
  region size 1024K, 100 young (102400K), 9 survivors (9216K)
 Metaspace       used 170443K, capacity 177605K, committed 190252K, reserved 1214464K
  class space    used 20894K, capacity 23488K, committed 25216K, reserved 1048576K
}
Event: 3049.977 GC heap after
{Heap after GC invocations=366 (full 0):
 garbage-first heap   total 466944K, used 266109K [0x0000000080000000, 0x0000000100000000)
  region size 1024K, 8 young (8192K), 8 survivors (8192K)
 Metaspace       used 170443K, capacity 177605K, committed 190252K, reserved 1214464K
  class space    used 20894K, capacity 23488K, committed 25216K, reserved 1048576K
}
Event: 3050.034 GC heap before
{Heap before GC invocations=366 (full 0):
 garbage-first heap   total 466944K, used 280445K [0x0000000080000000, 0x0000000100000000)
  region size 1024K, 22 young (22528K), 8 survivors (8192K)
 Metaspace       used 170443K, capacity 177605K, committed 190252K, reserved 1214464K
  class space    used 20894K, capacity 23488K, committed 25216K, reserved 1048576K
}
Event: 3050.048 GC heap after
{Heap after GC invocations=367 (full 0):
 garbage-first heap   total 466944K, used 261345K [0x0000000080000000, 0x0000000100000000)
  region size 1024K, 2 young (2048K), 2 survivors (2048K)
 Metaspace       used 170443K, capacity 177605K, committed 190252K, reserved 1214464K
  class space    used 20894K, capacity 23488K, committed 25216K, reserved 1048576K
}

