# JRE version: OpenJDK Runtime Environment (11.0.12+7) (build 11.0.12+7-b1504.28-7817840)
# Java VM: OpenJDK 64-Bit Server VM (11.0.12+7-b1504.28-7817840, mixed mode, tiered, compressed oops, g1 gc, windows-amd64)
Heap:
 garbage-first heap   total 651264K, used 236543K [0x0000000080000000, 0x0000000100000000)
  region size 1024K, 8 young (8192K), 8 survivors (8192K)
 Metaspace       used 129024K, capacity 133462K, committed 133752K, reserved 1165312K
  class space    used 15906K, capacity 17536K, committed 17612K, reserved 1048576K
GC Heap History (20 events):
Event: 47.908 GC heap after
{Heap after GC invocations=67 (full 0):
 garbage-first heap   total 303104K, used 262666K [0x0000000080000000, 0x0000000100000000)
  region size 1024K, 2 young (2048K), 2 survivors (2048K)
 Metaspace       used 125908K, capacity 130324K, committed 130680K, reserved 1163264K
  class space    used 15633K, capacity 17229K, committed 17356K, reserved 1048576K
}
Event: 48.021 GC heap before
{Heap before GC invocations=67 (full 0):
 garbage-first heap   total 303104K, used 274954K [0x0000000080000000, 0x0000000100000000)
  region size 1024K, 14 young (14336K), 2 survivors (2048K)
 Metaspace       used 125908K, capacity 130324K, committed 130680K, reserved 1163264K
  class space    used 15633K, capacity 17229K, committed 17356K, reserved 1048576K
}
Event: 48.024 GC heap after
{Heap after GC invocations=68 (full 0):
 garbage-first heap   total 303104K, used 264991K [0x0000000080000000, 0x0000000100000000)
  region size 1024K, 2 young (2048K), 2 survivors (2048K)
 Metaspace       used 125908K, capacity 130324K, committed 130680K, reserved 1163264K
  class space    used 15633K, capacity 17229K, committed 17356K, reserved 1048576K
}
Event: 48.114 GC heap before
{Heap before GC invocations=68 (full 0):
 garbage-first heap   total 303104K, used 277279K [0x0000000080000000, 0x0000000100000000)
  region size 1024K, 14 young (14336K), 2 survivors (2048K)
 Metaspace       used 125909K, capacity 130324K, committed 130680K, reserved 1163264K
  class space    used 15633K, capacity 17229K, committed 17356K, reserved 1048576K
}
Event: 48.118 GC heap after
{Heap after GC invocations=69 (full 0):
 garbage-first heap   total 303104K, used 268075K [0x0000000080000000, 0x0000000100000000)
  region size 1024K, 2 young (2048K), 2 survivors (2048K)
 Metaspace       used 125909K, capacity 130324K, committed 130680K, reserved 1163264K
  class space    used 15633K, capacity 17229K, committed 17356K, reserved 1048576K
}
Event: 48.245 GC heap before
{Heap before GC invocations=69 (full 0):
 garbage-first heap   total 303104K, used 280363K [0x0000000080000000, 0x0000000100000000)
  region size 1024K, 14 young (14336K), 2 survivors (2048K)
 Metaspace       used 125909K, capacity 130324K, committed 130680K, reserved 1163264K
  class space    used 15633K, capacity 17229K, committed 17356K, reserved 1048576K
}
Event: 48.250 GC heap after
{Heap after GC invocations=70 (full 0):
 garbage-first heap   total 303104K, used 270694K [0x0000000080000000, 0x0000000100000000)
  region size 1024K, 2 young (2048K), 2 survivors (2048K)
 Metaspace       used 125909K, capacity 130324K, committed 130680K, reserved 1163264K
  class space    used 15633K, capacity 17229K, committed 17356K, reserved 1048576K
}
Event: 48.335 GC heap before
{Heap before GC invocations=70 (full 0):
 garbage-first heap   total 303104K, used 259430K [0x0000000080000000, 0x0000000100000000)
  region size 1024K, 14 young (14336K), 2 survivors (2048K)
 Metaspace       used 125896K, capacity 130303K, committed 130680K, reserved 1163264K
  class space    used 15629K, capacity 17222K, committed 17356K, reserved 1048576K
}
Event: 48.342 GC heap after
{Heap after GC invocations=71 (full 0):
 garbage-first heap   total 303104K, used 253346K [0x0000000080000000, 0x0000000100000000)
  region size 1024K, 2 young (2048K), 2 survivors (2048K)
 Metaspace       used 125896K, capacity 130303K, committed 130680K, reserved 1163264K
  class space    used 15629K, capacity 17222K, committed 17356K, reserved 1048576K
}
Event: 48.422 GC heap before
{Heap before GC invocations=72 (full 0):
 garbage-first heap   total 303104K, used 265634K [0x0000000080000000, 0x0000000100000000)
  region size 1024K, 14 young (14336K), 2 survivors (2048K)
 Metaspace       used 125896K, capacity 130303K, committed 130680K, reserved 1163264K
  class space    used 15629K, capacity 17222K, committed 17356K, reserved 1048576K
}
Event: 48.428 GC heap after
{Heap after GC invocations=73 (full 0):
 garbage-first heap   total 303104K, used 257443K [0x0000000080000000, 0x0000000100000000)
  region size 1024K, 2 young (2048K), 2 survivors (2048K)
 Metaspace       used 125896K, capacity 130303K, committed 130680K, reserved 1163264K
  class space    used 15629K, capacity 17222K, committed 17356K, reserved 1048576K
}
Event: 48.506 GC heap before
{Heap before GC invocations=73 (full 0):
 garbage-first heap   total 303104K, used 268707K [0x0000000080000000, 0x0000000100000000)
  region size 1024K, 14 young (14336K), 2 survivors (2048K)
 Metaspace       used 125913K, capacity 130309K, committed 130680K, reserved 1163264K
  class space    used 15630K, capacity 17223K, committed 17356K, reserved 1048576K
}
Event: 48.512 GC heap after
{Heap after GC invocations=74 (full 0):
 garbage-first heap   total 389120K, used 230208K [0x0000000080000000, 0x0000000100000000)
  region size 1024K, 2 young (2048K), 2 survivors (2048K)
 Metaspace       used 125913K, capacity 130309K, committed 130680K, reserved 1163264K
  class space    used 15630K, capacity 17223K, committed 17356K, reserved 1048576K
}
Event: 48.619 GC heap before
{Heap before GC invocations=74 (full 0):
 garbage-first heap   total 389120K, used 247616K [0x0000000080000000, 0x0000000100000000)
  region size 1024K, 19 young (19456K), 2 survivors (2048K)
 Metaspace       used 125994K, capacity 130373K, committed 130680K, reserved 1163264K
  class space    used 15630K, capacity 17223K, committed 17356K, reserved 1048576K
}
Event: 48.633 GC heap after
{Heap after GC invocations=75 (full 0):
 garbage-first heap   total 389120K, used 214919K [0x0000000080000000, 0x0000000100000000)
  region size 1024K, 3 young (3072K), 3 survivors (3072K)
 Metaspace       used 125994K, capacity 130373K, committed 130680K, reserved 1163264K
  class space    used 15630K, capacity 17223K, committed 17356K, reserved 1048576K
}
Event: 49.072 GC heap before
{Heap before GC invocations=75 (full 0):
 garbage-first heap   total 389120K, used 271239K [0x0000000080000000, 0x0000000100000000)
  region size 1024K, 50 young (51200K), 3 survivors (3072K)
 Metaspace       used 128810K, capacity 133254K, committed 133496K, reserved 1165312K
  class space    used 15894K, capacity 17495K, committed 17612K, reserved 1048576K
}
Event: 49.083 GC heap after
{Heap after GC invocations=76 (full 0):
 garbage-first heap   total 389120K, used 223601K [0x0000000080000000, 0x0000000100000000)
  region size 1024K, 7 young (7168K), 7 survivors (7168K)
 Metaspace       used 128810K, capacity 133254K, committed 133496K, reserved 1165312K
  class space    used 15894K, capacity 17495K, committed 17612K, reserved 1048576K
}
Event: 49.404 GC heap before
{Heap before GC invocations=76 (full 0):
 garbage-first heap   total 389120K, used 271729K [0x0000000080000000, 0x0000000100000000)
  region size 1024K, 55 young (56320K), 7 survivors (7168K)
 Metaspace       used 128887K, capacity 133354K, committed 133496K, reserved 1165312K
  class space    used 15900K, capacity 17528K, committed 17612K, reserved 1048576K
}
Event: 49.416 GC heap after
{Heap after GC invocations=77 (full 0):
 garbage-first heap   total 389120K, used 229959K [0x0000000080000000, 0x0000000100000000)
  region size 1024K, 7 young (7168K), 7 survivors (7168K)
 Metaspace       used 128887K, capacity 133354K, committed 133496K, reserved 1165312K
  class space    used 15900K, capacity 17528K, committed 17612K, reserved 1048576K
}
Event: 49.568 GC heap before
{Heap before GC invocations=77 (full 0):
 garbage-first heap   total 389120K, used 310855K [0x0000000080000000, 0x0000000100000000)
  region size 1024K, 57 young (58368K), 7 survivors (7168K)
 Metaspace       used 129024K, capacity 133462K, committed 133752K, reserved 1165312K
  class space    used 15906K, capacity 17536K, committed 17612K, reserved 1048576K
}

