# JRE version: OpenJDK Runtime Environment (11.0.12+7) (build 11.0.12+7-b1504.28-7817840)
# Java VM: OpenJDK 64-Bit Server VM (11.0.12+7-b1504.28-7817840, mixed mode, tiered, compressed oops, g1 gc, windows-amd64)
Heap:
 garbage-first heap   total 368640K, used 259934K [0x0000000080000000, 0x0000000100000000)
  region size 1024K, 41 young (41984K), 10 survivors (10240K)
 Metaspace       used 152396K, capacity 157192K, committed 157304K, reserved 1185792K
  class space    used 19098K, capacity 20854K, committed 20940K, reserved 1048576K
GC Heap History (20 events):
Event: 183.084 GC heap before
{Heap before GC invocations=53 (full 0):
 garbage-first heap   total 307200K, used 238641K [0x0000000080000000, 0x0000000100000000)
  region size 1024K, 47 young (48128K), 2 survivors (2048K)
 Metaspace       used 114421K, capacity 118623K, committed 118648K, reserved 1153024K
  class space    used 14519K, capacity 16054K, committed 16076K, reserved 1048576K
}
Event: 183.092 GC heap after
{Heap after GC invocations=54 (full 0):
 garbage-first heap   total 307200K, used 188941K [0x0000000080000000, 0x0000000100000000)
  region size 1024K, 6 young (6144K), 6 survivors (6144K)
 Metaspace       used 114421K, capacity 118623K, committed 118648K, reserved 1153024K
  class space    used 14519K, capacity 16054K, committed 16076K, reserved 1048576K
}
Event: 183.208 GC heap before
{Heap before GC invocations=54 (full 0):
 garbage-first heap   total 307200K, used 198157K [0x0000000080000000, 0x0000000100000000)
  region size 1024K, 15 young (15360K), 6 survivors (6144K)
 Metaspace       used 115385K, capacity 119580K, committed 119800K, reserved 1153024K
  class space    used 14606K, capacity 16160K, committed 16204K, reserved 1048576K
}
Event: 183.218 GC heap after
{Heap after GC invocations=55 (full 0):
 garbage-first heap   total 307200K, used 188528K [0x0000000080000000, 0x0000000100000000)
  region size 1024K, 1 young (1024K), 1 survivors (1024K)
 Metaspace       used 115385K, capacity 119580K, committed 119800K, reserved 1153024K
  class space    used 14606K, capacity 16160K, committed 16204K, reserved 1048576K
}
Event: 183.701 GC heap before
{Heap before GC invocations=55 (full 0):
 garbage-first heap   total 307200K, used 235632K [0x0000000080000000, 0x0000000100000000)
  region size 1024K, 48 young (49152K), 1 survivors (1024K)
 Metaspace       used 118828K, capacity 123069K, committed 123256K, reserved 1157120K
  class space    used 14943K, capacity 16500K, committed 16588K, reserved 1048576K
}
Event: 183.709 GC heap after
{Heap after GC invocations=56 (full 0):
 garbage-first heap   total 307200K, used 190991K [0x0000000080000000, 0x0000000100000000)
  region size 1024K, 4 young (4096K), 4 survivors (4096K)
 Metaspace       used 118828K, capacity 123069K, committed 123256K, reserved 1157120K
  class space    used 14943K, capacity 16500K, committed 16588K, reserved 1048576K
}
Event: 184.059 GC heap before
{Heap before GC invocations=57 (full 0):
 garbage-first heap   total 307200K, used 240143K [0x0000000080000000, 0x0000000100000000)
  region size 1024K, 52 young (53248K), 4 survivors (4096K)
 Metaspace       used 121606K, capacity 125907K, committed 126072K, reserved 1159168K
  class space    used 15176K, capacity 16773K, committed 16844K, reserved 1048576K
}
Event: 184.066 GC heap after
{Heap after GC invocations=58 (full 0):
 garbage-first heap   total 368640K, used 193258K [0x0000000080000000, 0x0000000100000000)
  region size 1024K, 6 young (6144K), 6 survivors (6144K)
 Metaspace       used 121606K, capacity 125907K, committed 126072K, reserved 1159168K
  class space    used 15176K, capacity 16773K, committed 16844K, reserved 1048576K
}
Event: 184.491 GC heap before
{Heap before GC invocations=58 (full 0):
 garbage-first heap   total 368640K, used 259818K [0x0000000080000000, 0x0000000100000000)
  region size 1024K, 73 young (74752K), 6 survivors (6144K)
 Metaspace       used 123716K, capacity 128131K, committed 128376K, reserved 1161216K
  class space    used 15452K, capacity 17045K, committed 17100K, reserved 1048576K
}
Event: 184.499 GC heap after
{Heap after GC invocations=59 (full 0):
 garbage-first heap   total 368640K, used 194346K [0x0000000080000000, 0x0000000100000000)
  region size 1024K, 7 young (7168K), 7 survivors (7168K)
 Metaspace       used 123716K, capacity 128131K, committed 128376K, reserved 1161216K
  class space    used 15452K, capacity 17045K, committed 17100K, reserved 1048576K
}
Event: 184.799 GC heap before
{Heap before GC invocations=60 (full 0):
 garbage-first heap   total 368640K, used 220970K [0x0000000080000000, 0x0000000100000000)
  region size 1024K, 29 young (29696K), 7 survivors (7168K)
 Metaspace       used 124582K, capacity 128933K, committed 129272K, reserved 1161216K
  class space    used 15518K, capacity 17118K, committed 17228K, reserved 1048576K
}
Event: 184.810 GC heap after
{Heap after GC invocations=61 (full 0):
 garbage-first heap   total 368640K, used 196635K [0x0000000080000000, 0x0000000100000000)
  region size 1024K, 7 young (7168K), 7 survivors (7168K)
 Metaspace       used 124582K, capacity 128933K, committed 129272K, reserved 1161216K
  class space    used 15518K, capacity 17118K, committed 17228K, reserved 1048576K
}
Event: 185.101 GC heap before
{Heap before GC invocations=62 (full 0):
 garbage-first heap   total 368640K, used 226331K [0x0000000080000000, 0x0000000100000000)
  region size 1024K, 34 young (34816K), 7 survivors (7168K)
 Metaspace       used 126050K, capacity 130405K, committed 130680K, reserved 1163264K
  class space    used 15683K, capacity 17286K, committed 17356K, reserved 1048576K
}
Event: 185.115 GC heap after
{Heap after GC invocations=63 (full 0):
 garbage-first heap   total 368640K, used 204253K [0x0000000080000000, 0x0000000100000000)
  region size 1024K, 11 young (11264K), 11 survivors (11264K)
 Metaspace       used 126050K, capacity 130405K, committed 130680K, reserved 1163264K
  class space    used 15683K, capacity 17286K, committed 17356K, reserved 1048576K
}
Event: 186.168 GC heap before
{Heap before GC invocations=64 (full 0):
 garbage-first heap   total 368640K, used 288221K [0x0000000080000000, 0x0000000100000000)
  region size 1024K, 90 young (92160K), 11 survivors (11264K)
 Metaspace       used 135901K, capacity 140321K, committed 140408K, reserved 1171456K
  class space    used 17239K, capacity 18875K, committed 18892K, reserved 1048576K
}
Event: 186.177 GC heap after
{Heap after GC invocations=65 (full 0):
 garbage-first heap   total 368640K, used 207573K [0x0000000080000000, 0x0000000100000000)
  region size 1024K, 11 young (11264K), 11 survivors (11264K)
 Metaspace       used 135901K, capacity 140321K, committed 140408K, reserved 1171456K
  class space    used 17239K, capacity 18875K, committed 18892K, reserved 1048576K
}
Event: 186.937 GC heap before
{Heap before GC invocations=65 (full 0):
 garbage-first heap   total 368640K, used 247509K [0x0000000080000000, 0x0000000100000000)
  region size 1024K, 52 young (53248K), 11 survivors (11264K)
 Metaspace       used 146282K, capacity 150897K, committed 151160K, reserved 1179648K
  class space    used 18417K, capacity 20144K, committed 20172K, reserved 1048576K
}
Event: 186.947 GC heap after
{Heap after GC invocations=66 (full 0):
 garbage-first heap   total 368640K, used 211989K [0x0000000080000000, 0x0000000100000000)
  region size 1024K, 5 young (5120K), 5 survivors (5120K)
 Metaspace       used 146282K, capacity 150897K, committed 151160K, reserved 1179648K
  class space    used 18417K, capacity 20144K, committed 20172K, reserved 1048576K
}
Event: 188.164 GC heap before
{Heap before GC invocations=67 (full 0):
 garbage-first heap   total 368640K, used 288789K [0x0000000080000000, 0x0000000100000000)
  region size 1024K, 79 young (80896K), 5 survivors (5120K)
 Metaspace       used 152022K, capacity 156748K, committed 157048K, reserved 1185792K
  class space    used 19066K, capacity 20817K, committed 20940K, reserved 1048576K
}
Event: 188.183 GC heap after
{Heap after GC invocations=68 (full 0):
 garbage-first heap   total 368640K, used 229214K [0x0000000080000000, 0x0000000100000000)
  region size 1024K, 10 young (10240K), 10 survivors (10240K)
 Metaspace       used 152022K, capacity 156748K, committed 157048K, reserved 1185792K
  class space    used 19066K, capacity 20817K, committed 20940K, reserved 1048576K
}

